<?xml version="1.0" encoding="utf-8"?><testsuites name="pytest tests"><testsuite name="pytest" errors="0" failures="0" skipped="0" tests="13" time="0.212" timestamp="2026-07-27T15:28:23.795733+00:00" hostname="agent-env-cb8fb925-1b04-4cee-9c70-1b4c41d3ff8c"><testcase classname="backend.tests.test_community" name="test_feed_shape" time="0.014" /><testcase classname="backend.tests.test_community" name="test_like_toggle" time="0.006" /><testcase classname="backend.tests.test_community" name="test_comment" time="0.010" /><testcase classname="backend.tests.test_community" name="test_comment_404" time="0.002" /><testcase classname="backend.tests.test_community" name="test_join_toggle" time="0.005" /><testcase classname="backend.tests.test_community" name="test_create_post" time="0.010" /><testcase classname="backend.tests.test_community" name="test_demo_login" time="0.001" /><testcase classname="backend.tests.test_community" name="test_carbon_stats" time="0.001" /><testcase classname="backend.tests.test_community" name="test_predict_day" time="0.001" /><testcase classname="backend.tests.test_community" name="test_tracker_live" time="0.001" /><testcase classname="backend.tests.test_community" name="test_food_scan" time="0.001" /><testcase classname="backend.tests.test_community" name="test_certificate" time="0.005" /><testcase classname="backend.tests.test_community" name="test_future_simulate" time="0.001" /></testsuite></testsuites>