<?xml version="1.0" encoding="utf-8"?><testsuites name="pytest tests"><testsuite name="pytest" errors="0" failures="0" skipped="0" tests="7" time="55.907" timestamp="2026-07-27T15:11:56.147202+00:00" hostname="agent-env-cb8fb925-1b04-4cee-9c70-1b4c41d3ff8c"><testcase classname="backend.tests.test_novel_features" name="test_predict_day_exceeds" time="0.346" /><testcase classname="backend.tests.test_novel_features" name="test_predict_day_under_budget" time="0.079" /><testcase classname="backend.tests.test_novel_features" name="test_voice_call_tips" time="55.119" /><testcase classname="backend.tests.test_novel_features" name="test_food_scan_with_hint" time="0.079" /><testcase classname="backend.tests.test_novel_features" name="test_food_scan_no_hint" time="0.074" /><testcase classname="backend.tests.test_novel_features" name="test_certificate_generate" time="0.078" /><testcase classname="backend.tests.test_novel_features" name="test_certificate_defaults" time="0.072" /></testsuite></testsuites>