<?xml version="1.0" encoding="utf-8"?><testsuites name="pytest tests"><testsuite name="pytest" errors="0" failures="0" skipped="0" tests="7" time="7.102" timestamp="2026-05-13T14:20:55.341317+00:00" hostname="agent-env-cb8fb925-1b04-4cee-9c70-1b4c41d3ff8c"><testcase classname="backend.tests.test_carbonmind_api" name="test_root_ok" time="0.376" /><testcase classname="backend.tests.test_carbonmind_api" name="test_demo_login" time="0.071" /><testcase classname="backend.tests.test_carbonmind_api" name="test_carbon_stats" time="0.067" /><testcase classname="backend.tests.test_carbonmind_api" name="test_tracker_live" time="0.065" /><testcase classname="backend.tests.test_carbonmind_api" name="test_future_simulate" time="0.065" /><testcase classname="backend.tests.test_carbonmind_api" name="test_community_feed" time="0.073" /><testcase classname="backend.tests.test_carbonmind_api" name="test_chat_sustainability" time="6.182" /></testsuite></testsuites>